mode: set
github.com/homina/galaxy/pkg/input/input.go:37.19,38.24 1 0
github.com/homina/galaxy/pkg/input/input.go:41.2,41.18 1 0
github.com/homina/galaxy/pkg/input/input.go:44.2,44.22 1 0
github.com/homina/galaxy/pkg/input/input.go:38.24,40.3 1 0
github.com/homina/galaxy/pkg/input/input.go:41.18,43.3 1 0
github.com/homina/galaxy/pkg/input/input.go:44.22,46.3 1 0
github.com/homina/galaxy/pkg/input/input.go:46.8,48.3 1 0
github.com/homina/galaxy/pkg/input/input.go:51.28,54.16 2 0
github.com/homina/galaxy/pkg/input/input.go:58.2,61.21 3 0
github.com/homina/galaxy/pkg/input/input.go:68.2,68.38 1 0
github.com/homina/galaxy/pkg/input/input.go:54.16,55.13 1 0
github.com/homina/galaxy/pkg/input/input.go:61.21,63.17 2 0
github.com/homina/galaxy/pkg/input/input.go:63.17,65.4 1 0
github.com/homina/galaxy/pkg/input/input.go:68.38,69.13 1 0
github.com/homina/galaxy/pkg/input/input.go:73.19,77.6 3 0
github.com/homina/galaxy/pkg/input/input.go:77.6,80.17 3 0
github.com/homina/galaxy/pkg/input/input.go:83.3,84.26 2 0
github.com/homina/galaxy/pkg/input/input.go:87.3,87.22 1 0
github.com/homina/galaxy/pkg/input/input.go:90.3,91.17 2 0
github.com/homina/galaxy/pkg/input/input.go:80.17,81.14 1 0
github.com/homina/galaxy/pkg/input/input.go:84.26,85.9 1 0
github.com/homina/galaxy/pkg/input/input.go:87.22,88.12 1 0
github.com/homina/galaxy/pkg/input/input.go:91.17,92.14 1 0
github.com/homina/galaxy/pkg/input/input.go:97.18,98.30 1 0
github.com/homina/galaxy/pkg/input/input.go:98.30,102.3 3 0
github.com/homina/galaxy/pkg/input/input.go:105.44,110.20 4 1
github.com/homina/galaxy/pkg/input/input.go:114.2,119.44 5 1
github.com/homina/galaxy/pkg/input/input.go:128.2,128.78 1 1
github.com/homina/galaxy/pkg/input/input.go:167.2,168.106 2 1
github.com/homina/galaxy/pkg/input/input.go:191.2,191.26 1 1
github.com/homina/galaxy/pkg/input/input.go:110.20,112.3 1 1
github.com/homina/galaxy/pkg/input/input.go:119.44,120.48 1 1
github.com/homina/galaxy/pkg/input/input.go:123.3,124.13 2 1
github.com/homina/galaxy/pkg/input/input.go:120.48,122.4 1 1
github.com/homina/galaxy/pkg/input/input.go:128.78,131.17 2 1
github.com/homina/galaxy/pkg/input/input.go:135.3,137.34 3 1
github.com/homina/galaxy/pkg/input/input.go:144.3,144.17 1 1
github.com/homina/galaxy/pkg/input/input.go:148.3,148.40 1 1
github.com/homina/galaxy/pkg/input/input.go:152.3,154.17 3 1
github.com/homina/galaxy/pkg/input/input.go:157.3,158.40 2 1
github.com/homina/galaxy/pkg/input/input.go:161.3,161.13 1 1
github.com/homina/galaxy/pkg/input/input.go:131.17,133.4 1 1
github.com/homina/galaxy/pkg/input/input.go:137.34,138.28 1 1
github.com/homina/galaxy/pkg/input/input.go:138.28,141.5 2 1
github.com/homina/galaxy/pkg/input/input.go:144.17,146.4 1 1
github.com/homina/galaxy/pkg/input/input.go:148.40,150.4 1 1
github.com/homina/galaxy/pkg/input/input.go:154.17,156.4 1 1
github.com/homina/galaxy/pkg/input/input.go:158.40,160.4 1 1
github.com/homina/galaxy/pkg/input/input.go:168.106,171.9 2 1
github.com/homina/galaxy/pkg/input/input.go:171.9,174.18 3 1
github.com/homina/galaxy/pkg/input/input.go:177.4,178.14 2 1
github.com/homina/galaxy/pkg/input/input.go:174.18,176.5 1 1
github.com/homina/galaxy/pkg/input/input.go:179.9,182.18 3 1
github.com/homina/galaxy/pkg/input/input.go:185.4,186.14 2 1
github.com/homina/galaxy/pkg/input/input.go:182.18,184.5 1 1
